00:50:59.980 INFO - Launching a standalone Selenium Server
00:51:00.032 INFO - Java: Oracle Corporation 25.121-b13
00:51:00.033 INFO - OS: Mac OS X 10.11.6 x86_64
00:51:00.048 INFO - v2.53.0, with Core v2.53.0. Built from revision 35ae25b
00:51:00.149 INFO - Driver provider org.openqa.selenium.ie.InternetExplorerDriver registration is skipped:
registration capabilities Capabilities [{ensureCleanSession=true, browserName=internet explorer, version=, platform=WINDOWS}] does not match the current platform MAC
00:51:00.150 INFO - Driver provider org.openqa.selenium.edge.EdgeDriver registration is skipped:
registration capabilities Capabilities [{browserName=MicrosoftEdge, version=, platform=WINDOWS}] does not match the current platform MAC
00:51:00.150 INFO - Driver class not found: com.opera.core.systems.OperaDriver
00:51:00.151 INFO - Driver provider com.opera.core.systems.OperaDriver is not registered
00:51:00.156 INFO - Driver class not found: org.openqa.selenium.htmlunit.HtmlUnitDriver
00:51:00.158 INFO - Driver provider org.openqa.selenium.htmlunit.HtmlUnitDriver is not registered
00:51:00.267 INFO - RemoteWebDriver instances should connect to: http://127.0.0.1:4444/wd/hub
00:51:00.267 INFO - Selenium Server is up and running
00:51:00.813 INFO - Executing: [new session: Capabilities [{acceptSslCerts=true, name=Tests, browserName=chrome, javascriptEnabled=true, chromeOptions={args=[Mozilla/5.0 (iPhone; CPU iPhone OS 5_0 like Mac OS X) AppleWebKit/534.46
            (KHTML, like Gecko) Version/5.1 Mobile/9A334 Safari/7534.48.3, --window-size=640,1136]}, platform=ANY}]])
00:51:00.826 INFO - Creating a new session for Capabilities [{acceptSslCerts=true, name=Tests, browserName=chrome, javascriptEnabled=true, chromeOptions={args=[Mozilla/5.0 (iPhone; CPU iPhone OS 5_0 like Mac OS X) AppleWebKit/534.46
            (KHTML, like Gecko) Version/5.1 Mobile/9A334 Safari/7534.48.3, --window-size=640,1136]}, platform=ANY}]
Starting ChromeDriver 2.27.440174 (e97a722caafc2d3a8b807ee115bfb307f7d2cfd9) on port 9023
Only local connections are allowed.
00:51:02.959 INFO - Done: [new session: Capabilities [{acceptSslCerts=true, name=Tests, browserName=chrome, javascriptEnabled=true, chromeOptions={args=[Mozilla/5.0 (iPhone; CPU iPhone OS 5_0 like Mac OS X) AppleWebKit/534.46
            (KHTML, like Gecko) Version/5.1 Mobile/9A334 Safari/7534.48.3, --window-size=640,1136]}, platform=ANY}]]
00:51:02.984 INFO - Executing: [get: file:///Users/peterrhodes/Desktop/cv-portfolio/index.html])
00:51:05.229 INFO - Done: [get: file:///Users/peterrhodes/Desktop/cv-portfolio/index.html]
00:51:05.240 INFO - Executing: [find elements: By.cssSelector: body])
00:51:05.290 INFO - Done: [find elements: By.cssSelector: body]
00:51:05.295 INFO - Executing: [is displayed: 0 [[ChromeDriver: chrome on MAC (af876901d244af4354e3a6f46c82b870)] -> css selector: body]])
00:51:05.336 INFO - Done: [is displayed: 0 [[ChromeDriver: chrome on MAC (af876901d244af4354e3a6f46c82b870)] -> css selector: body]]
00:51:05.344 INFO - Executing: [take screenshot])
00:51:05.531 INFO - Done: [take screenshot]
00:51:05.556 INFO - Executing: [get title])
00:51:05.565 INFO - Done: [get title]
00:51:05.572 INFO - Executing: [find element: By.cssSelector: ul[class=topnav]])
00:51:05.598 INFO - Done: [find element: By.cssSelector: ul[class=topnav]]
00:51:05.601 INFO - Executing: [is displayed: 1 [[ChromeDriver: chrome on MAC (af876901d244af4354e3a6f46c82b870)] -> css selector: ul[class=topnav]]])
00:51:05.642 INFO - Done: [is displayed: 1 [[ChromeDriver: chrome on MAC (af876901d244af4354e3a6f46c82b870)] -> css selector: ul[class=topnav]]]
00:51:05.647 INFO - Executing: [find element: By.cssSelector: div[class=nav__text-container]])
00:51:05.694 INFO - Done: [find element: By.cssSelector: div[class=nav__text-container]]
00:51:05.697 INFO - Executing: [is displayed: 2 [[ChromeDriver: chrome on MAC (af876901d244af4354e3a6f46c82b870)] -> css selector: div[class=nav__text-container]]])
00:51:05.742 INFO - Done: [is displayed: 2 [[ChromeDriver: chrome on MAC (af876901d244af4354e3a6f46c82b870)] -> css selector: div[class=nav__text-container]]]
00:51:05.747 INFO - Executing: [find element: By.cssSelector: div[class=projects]])
00:51:05.793 INFO - Done: [find element: By.cssSelector: div[class=projects]]
00:51:05.796 INFO - Executing: [is displayed: 3 [[ChromeDriver: chrome on MAC (af876901d244af4354e3a6f46c82b870)] -> css selector: div[class=projects]]])
00:51:05.843 INFO - Done: [is displayed: 3 [[ChromeDriver: chrome on MAC (af876901d244af4354e3a6f46c82b870)] -> css selector: div[class=projects]]]
00:51:05.848 INFO - Executing: [find element: By.cssSelector: img[class=project1]])
00:51:05.877 INFO - Done: [find element: By.cssSelector: img[class=project1]]
00:51:05.881 INFO - Executing: [is displayed: 4 [[ChromeDriver: chrome on MAC (af876901d244af4354e3a6f46c82b870)] -> css selector: img[class=project1]]])
00:51:05.911 INFO - Done: [is displayed: 4 [[ChromeDriver: chrome on MAC (af876901d244af4354e3a6f46c82b870)] -> css selector: img[class=project1]]]
00:51:05.917 INFO - Executing: [find element: By.cssSelector: #proj1])
00:51:05.948 INFO - Done: [find element: By.cssSelector: #proj1]
00:51:05.951 INFO - Executing: [get element attribute: 5 [[ChromeDriver: chrome on MAC (af876901d244af4354e3a6f46c82b870)] -> css selector: #proj1], href])
00:51:05.963 INFO - Done: [get element attribute: 5 [[ChromeDriver: chrome on MAC (af876901d244af4354e3a6f46c82b870)] -> css selector: #proj1], href]
00:51:05.969 INFO - Executing: [find element: By.cssSelector: img[class=project2]])
00:51:05.999 INFO - Done: [find element: By.cssSelector: img[class=project2]]
00:51:06.003 INFO - Executing: [is displayed: 6 [[ChromeDriver: chrome on MAC (af876901d244af4354e3a6f46c82b870)] -> css selector: img[class=project2]]])
00:51:06.031 INFO - Done: [is displayed: 6 [[ChromeDriver: chrome on MAC (af876901d244af4354e3a6f46c82b870)] -> css selector: img[class=project2]]]
00:51:06.035 INFO - Executing: [find element: By.cssSelector: #proj2])
00:51:06.064 INFO - Done: [find element: By.cssSelector: #proj2]
00:51:06.067 INFO - Executing: [get element attribute: 7 [[ChromeDriver: chrome on MAC (af876901d244af4354e3a6f46c82b870)] -> css selector: #proj2], href])
00:51:06.080 INFO - Done: [get element attribute: 7 [[ChromeDriver: chrome on MAC (af876901d244af4354e3a6f46c82b870)] -> css selector: #proj2], href]
00:51:06.086 INFO - Executing: [find element: By.cssSelector: img[class=project3]])
00:51:06.115 INFO - Done: [find element: By.cssSelector: img[class=project3]]
00:51:06.119 INFO - Executing: [is displayed: 8 [[ChromeDriver: chrome on MAC (af876901d244af4354e3a6f46c82b870)] -> css selector: img[class=project3]]])
00:51:06.145 INFO - Done: [is displayed: 8 [[ChromeDriver: chrome on MAC (af876901d244af4354e3a6f46c82b870)] -> css selector: img[class=project3]]]
00:51:06.152 INFO - Executing: [find element: By.cssSelector: #proj3])
00:51:06.185 INFO - Done: [find element: By.cssSelector: #proj3]
00:51:06.190 INFO - Executing: [get element attribute: 9 [[ChromeDriver: chrome on MAC (af876901d244af4354e3a6f46c82b870)] -> css selector: #proj3], href])
00:51:06.203 INFO - Done: [get element attribute: 9 [[ChromeDriver: chrome on MAC (af876901d244af4354e3a6f46c82b870)] -> css selector: #proj3], href]
00:51:06.208 INFO - Executing: [find element: By.cssSelector: img[class=project4]])
00:51:06.236 INFO - Done: [find element: By.cssSelector: img[class=project4]]
00:51:06.242 INFO - Executing: [is displayed: 10 [[ChromeDriver: chrome on MAC (af876901d244af4354e3a6f46c82b870)] -> css selector: img[class=project4]]])
00:51:06.269 INFO - Done: [is displayed: 10 [[ChromeDriver: chrome on MAC (af876901d244af4354e3a6f46c82b870)] -> css selector: img[class=project4]]]
00:51:06.277 INFO - Executing: [find element: By.cssSelector: #proj4])
00:51:06.302 INFO - Done: [find element: By.cssSelector: #proj4]
00:51:06.305 INFO - Executing: [get element attribute: 11 [[ChromeDriver: chrome on MAC (af876901d244af4354e3a6f46c82b870)] -> css selector: #proj4], href])
00:51:06.316 INFO - Done: [get element attribute: 11 [[ChromeDriver: chrome on MAC (af876901d244af4354e3a6f46c82b870)] -> css selector: #proj4], href]
00:51:06.326 INFO - Executing: [find element: By.cssSelector: img[class=project5]])
00:51:06.352 INFO - Done: [find element: By.cssSelector: img[class=project5]]
00:51:06.355 INFO - Executing: [is displayed: 12 [[ChromeDriver: chrome on MAC (af876901d244af4354e3a6f46c82b870)] -> css selector: img[class=project5]]])
00:51:06.381 INFO - Done: [is displayed: 12 [[ChromeDriver: chrome on MAC (af876901d244af4354e3a6f46c82b870)] -> css selector: img[class=project5]]]
00:51:06.385 INFO - Executing: [find element: By.cssSelector: #proj5])
00:51:06.415 INFO - Done: [find element: By.cssSelector: #proj5]
00:51:06.418 INFO - Executing: [get element attribute: 13 [[ChromeDriver: chrome on MAC (af876901d244af4354e3a6f46c82b870)] -> css selector: #proj5], href])
00:51:06.429 INFO - Done: [get element attribute: 13 [[ChromeDriver: chrome on MAC (af876901d244af4354e3a6f46c82b870)] -> css selector: #proj5], href]
00:51:06.435 INFO - Executing: [find element: By.cssSelector: img[class=project6]])
00:51:06.461 INFO - Done: [find element: By.cssSelector: img[class=project6]]
00:51:06.463 INFO - Executing: [is displayed: 14 [[ChromeDriver: chrome on MAC (af876901d244af4354e3a6f46c82b870)] -> css selector: img[class=project6]]])
00:51:06.490 INFO - Done: [is displayed: 14 [[ChromeDriver: chrome on MAC (af876901d244af4354e3a6f46c82b870)] -> css selector: img[class=project6]]]
00:51:06.494 INFO - Executing: [find element: By.cssSelector: div[class=about-section__wrapper]])
00:51:06.521 INFO - Done: [find element: By.cssSelector: div[class=about-section__wrapper]]
00:51:06.526 INFO - Executing: [is displayed: 15 [[ChromeDriver: chrome on MAC (af876901d244af4354e3a6f46c82b870)] -> css selector: div[class=about-section__wrapper]]])
00:51:06.551 INFO - Done: [is displayed: 15 [[ChromeDriver: chrome on MAC (af876901d244af4354e3a6f46c82b870)] -> css selector: div[class=about-section__wrapper]]]
00:51:06.558 INFO - Executing: [find element: By.cssSelector: a[id=link-to-cv]])
00:51:06.584 INFO - Done: [find element: By.cssSelector: a[id=link-to-cv]]
00:51:06.589 INFO - Executing: [is displayed: 16 [[ChromeDriver: chrome on MAC (af876901d244af4354e3a6f46c82b870)] -> css selector: a[id=link-to-cv]]])
00:51:06.615 INFO - Done: [is displayed: 16 [[ChromeDriver: chrome on MAC (af876901d244af4354e3a6f46c82b870)] -> css selector: a[id=link-to-cv]]]
00:51:06.619 INFO - Executing: [find element: By.cssSelector: p[id=about__para1]])
00:51:06.649 INFO - Done: [find element: By.cssSelector: p[id=about__para1]]
00:51:06.652 INFO - Executing: [is displayed: 17 [[ChromeDriver: chrome on MAC (af876901d244af4354e3a6f46c82b870)] -> css selector: p[id=about__para1]]])
00:51:06.678 INFO - Done: [is displayed: 17 [[ChromeDriver: chrome on MAC (af876901d244af4354e3a6f46c82b870)] -> css selector: p[id=about__para1]]]
00:51:06.681 INFO - Executing: [find element: By.cssSelector: p[id=about__para2]])
00:51:06.708 INFO - Done: [find element: By.cssSelector: p[id=about__para2]]
00:51:06.711 INFO - Executing: [is displayed: 18 [[ChromeDriver: chrome on MAC (af876901d244af4354e3a6f46c82b870)] -> css selector: p[id=about__para2]]])
00:51:06.740 INFO - Done: [is displayed: 18 [[ChromeDriver: chrome on MAC (af876901d244af4354e3a6f46c82b870)] -> css selector: p[id=about__para2]]]
00:51:06.744 INFO - Executing: [find element: By.cssSelector: p[id=about__para3]])
00:51:06.773 INFO - Done: [find element: By.cssSelector: p[id=about__para3]]
00:51:06.778 INFO - Executing: [is displayed: 19 [[ChromeDriver: chrome on MAC (af876901d244af4354e3a6f46c82b870)] -> css selector: p[id=about__para3]]])
00:51:06.809 INFO - Done: [is displayed: 19 [[ChromeDriver: chrome on MAC (af876901d244af4354e3a6f46c82b870)] -> css selector: p[id=about__para3]]]
00:51:06.814 INFO - Executing: [find element: By.cssSelector: p[id=about__para4]])
00:51:06.847 INFO - Done: [find element: By.cssSelector: p[id=about__para4]]
00:51:06.851 INFO - Executing: [is displayed: 20 [[ChromeDriver: chrome on MAC (af876901d244af4354e3a6f46c82b870)] -> css selector: p[id=about__para4]]])
00:51:06.878 INFO - Done: [is displayed: 20 [[ChromeDriver: chrome on MAC (af876901d244af4354e3a6f46c82b870)] -> css selector: p[id=about__para4]]]
00:51:06.884 INFO - Executing: [find element: By.cssSelector: div[class=skills-section__wrapper]])
00:51:06.917 INFO - Done: [find element: By.cssSelector: div[class=skills-section__wrapper]]
00:51:06.920 INFO - Executing: [is displayed: 21 [[ChromeDriver: chrome on MAC (af876901d244af4354e3a6f46c82b870)] -> css selector: div[class=skills-section__wrapper]]])
00:51:06.949 INFO - Done: [is displayed: 21 [[ChromeDriver: chrome on MAC (af876901d244af4354e3a6f46c82b870)] -> css selector: div[class=skills-section__wrapper]]]
00:51:06.953 INFO - Executing: [find element: By.cssSelector: h2[id=languages]])
00:51:06.979 INFO - Done: [find element: By.cssSelector: h2[id=languages]]
00:51:06.981 INFO - Executing: [is displayed: 22 [[ChromeDriver: chrome on MAC (af876901d244af4354e3a6f46c82b870)] -> css selector: h2[id=languages]]])
00:51:07.007 INFO - Done: [is displayed: 22 [[ChromeDriver: chrome on MAC (af876901d244af4354e3a6f46c82b870)] -> css selector: h2[id=languages]]]
00:51:07.010 INFO - Executing: [find element: By.cssSelector: #languages])
00:51:07.036 INFO - Done: [find element: By.cssSelector: #languages]
00:51:07.039 INFO - Executing: [get text: 22 [[ChromeDriver: chrome on MAC (af876901d244af4354e3a6f46c82b870)] -> css selector: h2[id=languages]]])
00:51:07.072 INFO - Done: [get text: 22 [[ChromeDriver: chrome on MAC (af876901d244af4354e3a6f46c82b870)] -> css selector: h2[id=languages]]]
00:51:07.077 INFO - Executing: [find element: By.cssSelector: h2[id=testing]])
00:51:07.101 INFO - Done: [find element: By.cssSelector: h2[id=testing]]
00:51:07.105 INFO - Executing: [is displayed: 23 [[ChromeDriver: chrome on MAC (af876901d244af4354e3a6f46c82b870)] -> css selector: h2[id=testing]]])
00:51:07.132 INFO - Done: [is displayed: 23 [[ChromeDriver: chrome on MAC (af876901d244af4354e3a6f46c82b870)] -> css selector: h2[id=testing]]]
00:51:07.135 INFO - Executing: [find element: By.cssSelector: #testing])
00:51:07.165 INFO - Done: [find element: By.cssSelector: #testing]
00:51:07.168 INFO - Executing: [get text: 23 [[ChromeDriver: chrome on MAC (af876901d244af4354e3a6f46c82b870)] -> css selector: h2[id=testing]]])
00:51:07.197 INFO - Done: [get text: 23 [[ChromeDriver: chrome on MAC (af876901d244af4354e3a6f46c82b870)] -> css selector: h2[id=testing]]]
00:51:07.200 INFO - Executing: [find element: By.cssSelector: h2[id=databases]])
00:51:07.229 INFO - Done: [find element: By.cssSelector: h2[id=databases]]
00:51:07.231 INFO - Executing: [is displayed: 24 [[ChromeDriver: chrome on MAC (af876901d244af4354e3a6f46c82b870)] -> css selector: h2[id=databases]]])
00:51:07.257 INFO - Done: [is displayed: 24 [[ChromeDriver: chrome on MAC (af876901d244af4354e3a6f46c82b870)] -> css selector: h2[id=databases]]]
00:51:07.260 INFO - Executing: [find element: By.cssSelector: #databases])
00:51:07.284 INFO - Done: [find element: By.cssSelector: #databases]
00:51:07.286 INFO - Executing: [get text: 24 [[ChromeDriver: chrome on MAC (af876901d244af4354e3a6f46c82b870)] -> css selector: h2[id=databases]]])
00:51:07.316 INFO - Done: [get text: 24 [[ChromeDriver: chrome on MAC (af876901d244af4354e3a6f46c82b870)] -> css selector: h2[id=databases]]]
00:51:07.319 INFO - Executing: [find element: By.cssSelector: h2[id=design-skills]])
00:51:07.345 INFO - Done: [find element: By.cssSelector: h2[id=design-skills]]
00:51:07.348 INFO - Executing: [is displayed: 25 [[ChromeDriver: chrome on MAC (af876901d244af4354e3a6f46c82b870)] -> css selector: h2[id=design-skills]]])
00:51:07.375 INFO - Done: [is displayed: 25 [[ChromeDriver: chrome on MAC (af876901d244af4354e3a6f46c82b870)] -> css selector: h2[id=design-skills]]]
00:51:07.378 INFO - Executing: [find element: By.cssSelector: #design-skills])
00:51:07.407 INFO - Done: [find element: By.cssSelector: #design-skills]
00:51:07.410 INFO - Executing: [get text: 25 [[ChromeDriver: chrome on MAC (af876901d244af4354e3a6f46c82b870)] -> css selector: h2[id=design-skills]]])
00:51:07.442 INFO - Done: [get text: 25 [[ChromeDriver: chrome on MAC (af876901d244af4354e3a6f46c82b870)] -> css selector: h2[id=design-skills]]]
00:51:07.447 INFO - Executing: [find element: By.cssSelector: h2[id=frameworks]])
00:51:07.471 INFO - Done: [find element: By.cssSelector: h2[id=frameworks]]
00:51:07.475 INFO - Executing: [is displayed: 26 [[ChromeDriver: chrome on MAC (af876901d244af4354e3a6f46c82b870)] -> css selector: h2[id=frameworks]]])
00:51:07.502 INFO - Done: [is displayed: 26 [[ChromeDriver: chrome on MAC (af876901d244af4354e3a6f46c82b870)] -> css selector: h2[id=frameworks]]]
00:51:07.509 INFO - Executing: [find element: By.cssSelector: #frameworks])
00:51:07.535 INFO - Done: [find element: By.cssSelector: #frameworks]
00:51:07.537 INFO - Executing: [get text: 26 [[ChromeDriver: chrome on MAC (af876901d244af4354e3a6f46c82b870)] -> css selector: h2[id=frameworks]]])
00:51:07.571 INFO - Done: [get text: 26 [[ChromeDriver: chrome on MAC (af876901d244af4354e3a6f46c82b870)] -> css selector: h2[id=frameworks]]]
00:51:07.576 INFO - Executing: [find element: By.cssSelector: h2[id=other-skills]])
00:51:07.601 INFO - Done: [find element: By.cssSelector: h2[id=other-skills]]
00:51:07.603 INFO - Executing: [is displayed: 27 [[ChromeDriver: chrome on MAC (af876901d244af4354e3a6f46c82b870)] -> css selector: h2[id=other-skills]]])
00:51:07.628 INFO - Done: [is displayed: 27 [[ChromeDriver: chrome on MAC (af876901d244af4354e3a6f46c82b870)] -> css selector: h2[id=other-skills]]]
00:51:07.632 INFO - Executing: [find element: By.cssSelector: #other-skills])
00:51:07.658 INFO - Done: [find element: By.cssSelector: #other-skills]
00:51:07.660 INFO - Executing: [get text: 27 [[ChromeDriver: chrome on MAC (af876901d244af4354e3a6f46c82b870)] -> css selector: h2[id=other-skills]]])
00:51:07.697 INFO - Done: [get text: 27 [[ChromeDriver: chrome on MAC (af876901d244af4354e3a6f46c82b870)] -> css selector: h2[id=other-skills]]]
00:51:07.700 INFO - Executing: [find element: By.cssSelector: footer[id=contact]])
00:51:07.727 INFO - Done: [find element: By.cssSelector: footer[id=contact]]
00:51:07.729 INFO - Executing: [is displayed: 28 [[ChromeDriver: chrome on MAC (af876901d244af4354e3a6f46c82b870)] -> css selector: footer[id=contact]]])
00:51:07.755 INFO - Done: [is displayed: 28 [[ChromeDriver: chrome on MAC (af876901d244af4354e3a6f46c82b870)] -> css selector: footer[id=contact]]]
00:51:07.760 INFO - Executing: [find element: By.cssSelector: div[class=links]])
00:51:07.785 INFO - Done: [find element: By.cssSelector: div[class=links]]
00:51:07.788 INFO - Executing: [is displayed: 29 [[ChromeDriver: chrome on MAC (af876901d244af4354e3a6f46c82b870)] -> css selector: div[class=links]]])
00:51:07.813 INFO - Done: [is displayed: 29 [[ChromeDriver: chrome on MAC (af876901d244af4354e3a6f46c82b870)] -> css selector: div[class=links]]]
00:51:07.815 INFO - Executing: [find element: By.cssSelector: a[id=github]])
00:51:07.843 INFO - Done: [find element: By.cssSelector: a[id=github]]
00:51:07.846 INFO - Executing: [is displayed: 30 [[ChromeDriver: chrome on MAC (af876901d244af4354e3a6f46c82b870)] -> css selector: a[id=github]]])
00:51:07.873 INFO - Done: [is displayed: 30 [[ChromeDriver: chrome on MAC (af876901d244af4354e3a6f46c82b870)] -> css selector: a[id=github]]]
00:51:07.877 INFO - Executing: [find element: By.cssSelector: a[id=linkedin]])
00:51:07.902 INFO - Done: [find element: By.cssSelector: a[id=linkedin]]
00:51:07.905 INFO - Executing: [is displayed: 31 [[ChromeDriver: chrome on MAC (af876901d244af4354e3a6f46c82b870)] -> css selector: a[id=linkedin]]])
00:51:07.930 INFO - Done: [is displayed: 31 [[ChromeDriver: chrome on MAC (af876901d244af4354e3a6f46c82b870)] -> css selector: a[id=linkedin]]]
00:51:07.933 INFO - Executing: [find element: By.cssSelector: a[id=codewars]])
00:51:07.958 INFO - Done: [find element: By.cssSelector: a[id=codewars]]
00:51:07.960 INFO - Executing: [is displayed: 32 [[ChromeDriver: chrome on MAC (af876901d244af4354e3a6f46c82b870)] -> css selector: a[id=codewars]]])
00:51:07.986 INFO - Done: [is displayed: 32 [[ChromeDriver: chrome on MAC (af876901d244af4354e3a6f46c82b870)] -> css selector: a[id=codewars]]]
00:51:07.989 INFO - Executing: [find element: By.cssSelector: a[id=twitter]])
00:51:08.015 INFO - Done: [find element: By.cssSelector: a[id=twitter]]
00:51:08.017 INFO - Executing: [is displayed: 33 [[ChromeDriver: chrome on MAC (af876901d244af4354e3a6f46c82b870)] -> css selector: a[id=twitter]]])
00:51:08.045 INFO - Done: [is displayed: 33 [[ChromeDriver: chrome on MAC (af876901d244af4354e3a6f46c82b870)] -> css selector: a[id=twitter]]]
00:51:08.048 INFO - Executing: [find element: By.cssSelector: #burger])
00:51:08.075 INFO - Done: [find element: By.cssSelector: #burger]
00:51:08.078 INFO - Executing: [is displayed: 34 [[ChromeDriver: chrome on MAC (af876901d244af4354e3a6f46c82b870)] -> css selector: #burger]])
00:51:08.102 INFO - Done: [is displayed: 34 [[ChromeDriver: chrome on MAC (af876901d244af4354e3a6f46c82b870)] -> css selector: #burger]]
00:51:08.108 INFO - Executing: [set window size])
00:51:08.276 INFO - Done: [set window size]
00:51:08.279 INFO - Executing: [find element: By.cssSelector: #burger])
00:51:08.288 INFO - Done: [find element: By.cssSelector: #burger]
00:51:08.291 INFO - Executing: [is displayed: 34 [[ChromeDriver: chrome on MAC (af876901d244af4354e3a6f46c82b870)] -> css selector: #burger]])
00:51:08.302 INFO - Done: [is displayed: 34 [[ChromeDriver: chrome on MAC (af876901d244af4354e3a6f46c82b870)] -> css selector: #burger]]
00:51:08.317 INFO - Executing: [maximise window])
00:51:08.839 INFO - Done: [maximise window]
00:51:08.843 INFO - Executing: [find element: By.cssSelector: .nav-link])
00:51:08.869 INFO - Done: [find element: By.cssSelector: .nav-link]
00:51:08.871 INFO - Executing: [get value of css property: 35 [[ChromeDriver: chrome on MAC (af876901d244af4354e3a6f46c82b870)] -> css selector: .nav-link], background-color])
00:51:08.894 INFO - Done: [get value of css property: 35 [[ChromeDriver: chrome on MAC (af876901d244af4354e3a6f46c82b870)] -> css selector: .nav-link], background-color]
00:51:08.896 INFO - Executing: [set window size])
00:51:09.411 INFO - Done: [set window size]
00:51:09.414 INFO - Executing: [find element: By.cssSelector: .nav-link])
00:51:09.424 INFO - Done: [find element: By.cssSelector: .nav-link]
00:51:09.426 INFO - Executing: [get value of css property: 35 [[ChromeDriver: chrome on MAC (af876901d244af4354e3a6f46c82b870)] -> css selector: .nav-link], background-color])
00:51:09.436 INFO - Done: [get value of css property: 35 [[ChromeDriver: chrome on MAC (af876901d244af4354e3a6f46c82b870)] -> css selector: .nav-link], background-color]
00:51:09.441 INFO - Executing: [find element: By.cssSelector: .fixed-header])
00:51:09.467 INFO - Done: [find element: By.cssSelector: .fixed-header]
00:51:09.469 INFO - Executing: [is displayed: 36 [[ChromeDriver: chrome on MAC (af876901d244af4354e3a6f46c82b870)] -> css selector: .fixed-header]])
00:51:09.495 INFO - Done: [is displayed: 36 [[ChromeDriver: chrome on MAC (af876901d244af4354e3a6f46c82b870)] -> css selector: .fixed-header]]
00:51:09.498 INFO - Executing: [find element: By.cssSelector: .about-section__wrapper])
00:51:09.523 INFO - Done: [find element: By.cssSelector: .about-section__wrapper]
00:51:09.526 INFO - Executing: [mousemove: 15 true])
00:51:09.556 INFO - Done: [mousemove: 15 true]
00:51:09.561 INFO - Executing: [find element: By.cssSelector: .fixed-header])
00:51:09.585 INFO - Done: [find element: By.cssSelector: .fixed-header]
00:51:09.590 INFO - Executing: [is displayed: 36 [[ChromeDriver: chrome on MAC (af876901d244af4354e3a6f46c82b870)] -> css selector: .fixed-header]])
00:51:09.602 INFO - Done: [is displayed: 36 [[ChromeDriver: chrome on MAC (af876901d244af4354e3a6f46c82b870)] -> css selector: .fixed-header]]
00:51:09.607 INFO - Executing: [delete session: 68e90e5b-db8f-4a91-acde-2306bbc72776])
00:51:09.693 INFO - Done: [delete session: 68e90e5b-db8f-4a91-acde-2306bbc72776]
